<?xml version="1.0" encoding="UTF-8"?>
<!-- Generated by org.testng.reporters.JUnitReportReporter -->
<testsuite hostname="Lenovo" failures="0" tests="1" name="SpiceJetTest.RoundTripTest" time="81.442" errors="0" timestamp="2024-07-01T19:55:21 IST" skipped="0">
  <testcase classname="SpiceJetTest.RoundTripTest" name="RoundTripTest1" time="81.442"/>
  <system-out/>
</testsuite> <!-- SpiceJetTest.RoundTripTest -->
