<?xml version="1.0" encoding="UTF-8"?>
<!-- Generated by org.testng.reporters.JUnitReportReporter -->
<testsuite hostname="Lenovo" failures="0" tests="1" name="SpiceJetTest.SelectFlightAndPassengerInfoRoundTripTest" time="124.222" errors="0" timestamp="2024-07-01T19:55:21 IST" skipped="0">
  <testcase classname="SpiceJetTest.SelectFlightAndPassengerInfoRoundTripTest" name="SelectFlightAndPassengerInfoRoundTripTst" time="124.222"/>
  <system-out/>
</testsuite> <!-- SpiceJetTest.SelectFlightAndPassengerInfoRoundTripTest -->
