<?xml version="1.0" encoding="UTF-8"?>
<!-- Generated by org.testng.reporters.JUnitReportReporter -->
<testsuite hostname="Lenovo" failures="0" tests="1" name="SpiceJetTest.CheckINTest" time="46.791" errors="0" timestamp="2024-06-28T16:03:04 IST" skipped="0">
  <testcase classname="SpiceJetTest.CheckINTest" name="CheckINTst" time="46.791"/>
  <system-out/>
</testsuite> <!-- SpiceJetTest.CheckINTest -->
