<?xml version="1.0" encoding="UTF-8"?>
<!-- Generated by org.testng.reporters.JUnitReportReporter -->
<testsuite hostname="Lenovo" failures="0" tests="1" name="SpiceJetTest.SignupPageTest" time="181.360" errors="0" timestamp="2024-07-01T19:55:23 IST" skipped="0">
  <testcase classname="SpiceJetTest.SignupPageTest" name="SignupTest" time="181.360"/>
  <system-out/>
</testsuite> <!-- SpiceJetTest.SignupPageTest -->
