<?xml version="1.0" encoding="UTF-8"?>
<!-- Generated by org.testng.reporters.JUnitReportReporter -->
<testsuite hostname="Lenovo" failures="0" tests="1" name="SpiceJetTest.ValidateBookingPageFieldsTest" time="47.343" errors="0" timestamp="2024-06-29T22:20:29 IST" skipped="0">
  <testcase classname="SpiceJetTest.ValidateBookingPageFieldsTest" name="ValidateBookingPageFieldsTst" time="47.343"/>
  <system-out/>
</testsuite> <!-- SpiceJetTest.ValidateBookingPageFieldsTest -->
